<?xml version="1.0" encoding="UTF-8"?>
<!-- Generated by org.testng.reporters.JUnitReportReporter -->
<testsuite hostname="DESKTOP-1TR0GEM" failures="0" tests="2" name="rahulshettyacademy.Mavenjavanew.SeleniumTest2" time="0.039" errors="0" timestamp="2021-09-26T07:40:28 CEST" skipped="0">
  <testcase classname="rahulshettyacademy.Mavenjavanew.SeleniumTest2" name="elementsUI" time="0.007"/>
  <system-out/>
  <testcase classname="rahulshettyacademy.Mavenjavanew.SeleniumTest2" name="BrowserAutomation" time="0.032"/>
  <system-out/>
</testsuite> <!-- rahulshettyacademy.Mavenjavanew.SeleniumTest2 -->
