<?xml version="1.0" encoding="UTF-8"?>
<!-- Generated by org.testng.reporters.JUnitReportReporter -->
<testsuite hostname="DESKTOP-1TR0GEM" failures="0" tests="2" name="rahulshettyacademy.Mavenjavanew.SeleniumTest" time="0.009" errors="0" timestamp="2021-09-26T07:40:28 CEST" skipped="0">
  <testcase classname="rahulshettyacademy.Mavenjavanew.SeleniumTest" name="BrowserAutomation" time="0.005"/>
  <system-out/>
  <testcase classname="rahulshettyacademy.Mavenjavanew.SeleniumTest" name="elementsUI" time="0.004"/>
  <system-out/>
</testsuite> <!-- rahulshettyacademy.Mavenjavanew.SeleniumTest -->
