<?xml version="1.0" encoding="UTF-8"?>
<!-- Generated by org.testng.reporters.JUnitReportReporter -->
<testsuite hostname="DESKTOP-1TR0GEM" failures="0" tests="2" name="rahulshettyacademy.Mavenjavanew.RESTAPITest" time="0.046" errors="0" timestamp="2021-09-22T10:19:08 CEST" skipped="0">
  <testcase classname="rahulshettyacademy.Mavenjavanew.RESTAPITest" name="deleteTwitter" time="0.006"/>
  <system-out/>
  <testcase classname="rahulshettyacademy.Mavenjavanew.RESTAPITest" name="postJira" time="0.040"/>
  <system-out/>
</testsuite> <!-- rahulshettyacademy.Mavenjavanew.RESTAPITest -->
