<?xml version="1.0" encoding="UTF-8"?>
<!-- Generated by org.testng.reporters.JUnitReportReporter -->
<testsuite hostname="DESKTOP-1TR0GEM" failures="0" tests="2" name="rahulshettyacademy.Mavenjavanew.AppiumTest" time="0.116" errors="0" timestamp="2021-09-22T10:19:08 CEST" skipped="0">
  <testcase classname="rahulshettyacademy.Mavenjavanew.AppiumTest" name="IOSApps" time="0.027"/>
  <system-out/>
  <testcase classname="rahulshettyacademy.Mavenjavanew.AppiumTest" name="NativeAppAndriod" time="0.089"/>
  <system-out/>
</testsuite> <!-- rahulshettyacademy.Mavenjavanew.AppiumTest -->
