<?xml version="1.0" encoding="UTF-8"?>
<!-- Generated by org.testng.reporters.JUnitReportReporter -->
<testsuite hostname="DESKTOP-1TR0GEM" failures="0" tests="2" name="rahulshettyacademy.Mavenjavanew.AppiumTest" time="0.023" errors="0" timestamp="2021-11-14T06:33:43 CET" skipped="0">
  <testcase classname="rahulshettyacademy.Mavenjavanew.AppiumTest" name="IOSAppsTest" time="0.023"/>
  <system-out/>
  <testcase classname="rahulshettyacademy.Mavenjavanew.AppiumTest" name="NativeAppAndriodTest" time="0.000"/>
  <system-out/>
</testsuite> <!-- rahulshettyacademy.Mavenjavanew.AppiumTest -->
