<?xml version="1.0" encoding="UTF-8"?>
<!-- Generated by org.testng.reporters.JUnitReportReporter -->
<testsuite hostname="DESKTOP-1TR0GEM" failures="0" tests="2" name="rahulshettyacademy.Mavenjavanew.SeleniumTest" time="0.002" errors="0" timestamp="2021-11-14T06:33:43 CET" skipped="0">
  <testcase classname="rahulshettyacademy.Mavenjavanew.SeleniumTest" name="BrowserAutomationTest" time="0.001"/>
  <system-out/>
  <testcase classname="rahulshettyacademy.Mavenjavanew.SeleniumTest" name="elementsUITest" time="0.001"/>
  <system-out/>
</testsuite> <!-- rahulshettyacademy.Mavenjavanew.SeleniumTest -->
